Change Component Designator: Old Designator=* New Designator=*1
Change Component Designator: Old Designator=*TP3 New Designator=*TP1
Change Component Designator: Old Designator=*TP4 New Designator=*TP2
Change Component Designator: Old Designator=*TP5 New Designator=*TP3
Change Component Designator: Old Designator=*TP6 New Designator=*TP4
Change Component Designator: Old Designator=B? New Designator=B2
Change Component Designator: Old Designator=C1 New Designator=C13
Change Component Designator: Old Designator=C2 New Designator=C14
Change Component Designator: Old Designator=C5 New Designator=C7
Change Component Designator: Old Designator=C6 New Designator=C8
Change Component Designator: Old Designator=C7 New Designator=C9
Change Component Designator: Old Designator=C8 New Designator=C10
Change Component Designator: Old Designator=C9 New Designator=C1
Change Component Designator: Old Designator=C10 New Designator=C2
Change Component Designator: Old Designator=C11 New Designator=C3
Change Component Designator: Old Designator=C13 New Designator=C11
Change Component Designator: Old Designator=C14 New Designator=C5
Change Component Designator: Old Designator=C? New Designator=C4
Change Component Designator: Old Designator=C? New Designator=C6
Change Component Designator: Old Designator=D1 New Designator=D2
Change Component Designator: Old Designator=D? New Designator=D1
Change Component Designator: Old Designator=HB? New Designator=HB1
Change Component Designator: Old Designator=HB? New Designator=HB2
Change Component Designator: Old Designator=HB? New Designator=HB3
Change Component Designator: Old Designator=HB? New Designator=HB4
Change Component Designator: Old Designator=LED1 New Designator=LED5
Change Component Designator: Old Designator=LED2 New Designator=LED6
Change Component Designator: Old Designator=LED3 New Designator=LED1
Change Component Designator: Old Designator=LED4 New Designator=LED2
Change Component Designator: Old Designator=LED5 New Designator=LED3
Change Component Designator: Old Designator=LED6 New Designator=LED4
Change Component Designator: Old Designator=M? New Designator=M1
Change Component Designator: Old Designator=MU? New Designator=MU1
Change Component Designator: Old Designator=O? New Designator=O1
Change Component Designator: Old Designator=R1 New Designator=R11
Change Component Designator: Old Designator=R2 New Designator=R12
Change Component Designator: Old Designator=R3 New Designator=R13
Change Component Designator: Old Designator=R4 New Designator=R17
Change Component Designator: Old Designator=R5 New Designator=R18
Change Component Designator: Old Designator=R8 New Designator=R5
Change Component Designator: Old Designator=R11 New Designator=R6
Change Component Designator: Old Designator=R11 New Designator=R16
Change Component Designator: Old Designator=R12 New Designator=R7
Change Component Designator: Old Designator=R13 New Designator=R14
Change Component Designator: Old Designator=R15 New Designator=R1
Change Component Designator: Old Designator=R16 New Designator=R15
Change Component Designator: Old Designator=R17 New Designator=R2
Change Component Designator: Old Designator=R18 New Designator=R3
Change Component Designator: Old Designator=R19 New Designator=R4
Change Component Designator: Old Designator=R20 New Designator=R8
Change Component Designator: Old Designator=S1 New Designator=S3
Change Component Designator: Old Designator=S2 New Designator=S4
Change Component Designator: Old Designator=S5 New Designator=S1
Change Component Designator: Old Designator=S6 New Designator=S2
Change Component Designator: Old Designator=U1 New Designator=U2
Change Component Designator: Old Designator=U2 New Designator=U4
Change Component Designator: Old Designator=U4 New Designator=U1
Change Component Designator: Old Designator=X? New Designator=X1
