Removed Pin From Net: NetName=EN Pin=C11-2
Removed Pin From Net: NetName=IO0 Pin=C12-1
Removed Pin From Net: NetName=IO0 Pin=R14-1
Removed Pin From Net: NetName=EN Pin=R15-2
Removed Pin From Net: NetName=IO0 Pin=S1-2
Removed Pin From Net: NetName=EN Pin=S2-1
Change Component Designator: OldDesignator=R16 NewDesignator=R18
Change Component Designator: OldDesignator=R17 NewDesignator=R19
Change Component Designator: OldDesignator=R18 NewDesignator=R20
Change Component Designator: OldDesignator=U2 NewDesignator=U4
Change Component Designator: OldDesignator=U4 NewDesignator=U2
Added Component: Designator=*TP1(TP)
Add component. Clean all parameters for all variants
Added Component: Designator=*TP2(TP)
Add component. Clean all parameters for all variants
Added Component: Designator=R16(RES-SMD-0603)
Add component. Clean all parameters for all variants
Added Component: Designator=R17(RES-SMD-0603)
Add component. Clean all parameters for all variants
Added Pin To Net: NetName=3V3 Pin=*TP1-1
Added Pin To Net: NetName=GND Pin=*TP2-1
Added Pin To Net: NetName=IO0 Pin=R16-1
Added Pin To Net: NetName=EN Pin=R17-2
Added Pin To Net: NetName=NetC11_2 Pin=C11-2
Added Pin To Net: NetName=NetC11_2 Pin=R15-2
Added Pin To Net: NetName=NetC11_2 Pin=R17-1
Added Pin To Net: NetName=NetC11_2 Pin=S2-1
Added Net: Name=NetC11_2
Added Pin To Net: NetName=NetC12_1 Pin=C12-1
Added Pin To Net: NetName=NetC12_1 Pin=R14-1
Added Pin To Net: NetName=NetC12_1 Pin=R16-2
Added Pin To Net: NetName=NetC12_1 Pin=S1-2
Added Net: Name=NetC12_1
Added Member To Class: ClassName=HeartRateBand Member=Component *TP1 TP
Added Member To Class: ClassName=HeartRateBand Member=Component *TP2 TP
Added Member To Class: ClassName=HeartRateBand Member=Component R19 10k
Added Member To Class: ClassName=HeartRateBand Member=Component R20 10k
Added Room: Name=HeartRateBand
