Change Component Footprint: Designator=R1 Old Footprint=RES-SMD-0805 New Footprint=RES-SMD-0603
Change Component Footprint: Designator=R2 Old Footprint=RES-SMD-0805 New Footprint=RES-SMD-0603
Change Component Footprint: Designator=R3 Old Footprint=RES-SMD-0805 New Footprint=RES-SMD-0603
Change Component Footprint: Designator=R4 Old Footprint=RES-SMD-0805 New Footprint=RES-SMD-0603
Change Component Footprint: Designator=R5 Old Footprint=RES-SMD-0805 New Footprint=RES-SMD-0603
Change Component Footprint: Designator=R6 Old Footprint=RES-SMD-0805 New Footprint=RES-SMD-0603
Change Component Footprint: Designator=R7 Old Footprint=RES-SMD-0805 New Footprint=RES-SMD-0603
Change Component Footprint: Designator=R8 Old Footprint=RES-SMD-0805 New Footprint=RES-SMD-0603
Change Component Footprint: Designator=R9 Old Footprint=RES-SMD-0805 New Footprint=RES-SMD-0603
Change Component Footprint: Designator=R10 Old Footprint=RES-SMD-0805 New Footprint=RES-SMD-0603
Change Component Footprint: Designator=R11 Old Footprint=RES-SMD-0805 New Footprint=RES-SMD-0603
Change Component Footprint: Designator=R12 Old Footprint=RES-SMD-0805 New Footprint=RES-SMD-0603
Change Component Footprint: Designator=R13 Old Footprint=RES-SMD-0805 New Footprint=RES-SMD-0603
Change Component Footprint: Designator=R14 Old Footprint=RES-SMD-0805 New Footprint=RES-SMD-0603
Change Component Footprint: Designator=R15 Old Footprint=RES-SMD-0805 New Footprint=RES-SMD-0603
Change Component Footprint: Designator=R16 Old Footprint=RES-SMD-0805 New Footprint=RES-SMD-0603
Change Component Footprint: Designator=R17 Old Footprint=RES-SMD-0805 New Footprint=RES-SMD-0603
Change Component Footprint: Designator=R18 Old Footprint=RES-SMD-0805 New Footprint=RES-SMD-0603
Change Component Footprint: Designator=R19 Old Footprint=RES-SMD-0805 New Footprint=RES-SMD-0603
Change Component Footprint: Designator=R20 Old Footprint=RES-SMD-0805 New Footprint=RES-SMD-0603
Change Component Footprint: Designator=C1 Old Footprint=SM-0805 New Footprint=SM-0603
Change Component Footprint: Designator=C2 Old Footprint=SM-0805 New Footprint=SM-0603
Change Component Footprint: Designator=C3 Old Footprint=SM-0805 New Footprint=SM-0603
Change Component Footprint: Designator=C4 Old Footprint=SM-0805 New Footprint=SM-0603
Change Component Footprint: Designator=C5 Old Footprint=SM-0805 New Footprint=SM-0603
Change Component Footprint: Designator=C6 Old Footprint=SM-0805 New Footprint=SM-0603
Change Component Footprint: Designator=C7 Old Footprint=SM-0805 New Footprint=SM-0603
Change Component Footprint: Designator=C8 Old Footprint=SM-0805 New Footprint=SM-0603
Change Component Footprint: Designator=C9 Old Footprint=SM-0805 New Footprint=SM-0603
Change Component Footprint: Designator=C10 Old Footprint=SM-0805 New Footprint=SM-0603
Change Component Footprint: Designator=C11 Old Footprint=SM-0805 New Footprint=SM-0603
Change Component Footprint: Designator=C12 Old Footprint=SM-0805 New Footprint=SM-0603
Change Component Footprint: Designator=C13 Old Footprint=SM-0805 New Footprint=SM-0603
Change Component Footprint: Designator=C14 Old Footprint=SM-0805 New Footprint=SM-0603
Added Member To Class: ClassName=HeartRateBand Member=Component *TP1 TP
Added Member To Class: ClassName=HeartRateBand Member=Component *TP2 TP
Added Member To Class: ClassName=HeartRateBand Member=Component C15 JP6
Added Room: Name=HeartRateBand
