Change Component Designator: OldDesignator=*TP1 NewDesignator=*TP3
Change Component Designator: OldDesignator=*TP2 NewDesignator=*TP4
Change Component Designator: OldDesignator=*TP3 NewDesignator=*TP5
Change Component Designator: OldDesignator=*TP4 NewDesignator=*TP6
Change Component Designator: OldDesignator=C2 NewDesignator=C1
Change Component Designator: OldDesignator=C3 NewDesignator=C2
Change Component Designator: OldDesignator=C4 NewDesignator=C3
Change Component Designator: OldDesignator=C5 NewDesignator=C4
Change Component Designator: OldDesignator=C6 NewDesignator=C5
Change Component Designator: OldDesignator=C7 NewDesignator=C6
Change Component Designator: OldDesignator=C8 NewDesignator=C7
Change Component Designator: OldDesignator=C9 NewDesignator=C8
Change Component Designator: OldDesignator=C10 NewDesignator=C9
Change Component Designator: OldDesignator=C11 NewDesignator=C10
Change Component Designator: OldDesignator=C12 NewDesignator=C11
Change Component Designator: OldDesignator=C13 NewDesignator=C12
Change Component Designator: OldDesignator=C14 NewDesignator=C13
Change Component Designator: OldDesignator=C15 NewDesignator=C14
Change Component Designator: OldDesignator=C16 NewDesignator=C15
Change Component Designator: OldDesignator=C17 NewDesignator=C16
Change Component Designator: OldDesignator=U1 NewDesignator=U2
Change Component Designator: OldDesignator=U2 NewDesignator=U1
Added Component: Designator=*TP1(TP)
Add component. Clean all parameters for all variants
Added Component: Designator=*TP2(TP)
Add component. Clean all parameters for all variants
Added Pin To Net: NetName=VBAT Pin=*TP1-1
Added Pin To Net: NetName=GND Pin=*TP2-1
Added Member To Class: ClassName=HeartRateBand Member=Component *TP5 TP
Added Member To Class: ClassName=HeartRateBand Member=Component *TP6 TP
Added Member To Class: ClassName=HeartRateBand Member=Component B1 CP2102N-A01-GQFN28
Added Member To Class: ClassName=HeartRateBand Member=Component C14 104
Added Member To Class: ClassName=HeartRateBand Member=Component C16 JP6
Added Member To Class: ClassName=HeartRateBand Member=Component R18 4k7
Added Room: Name=HeartRateBand
